https://www.bedrijfsovernameregister.nl/bedrijven-te-koop-aangeboden/bosn19fyk03k/damesmodezaak-te-koop-aangeboden-in-zeeland-oostburg
https://www.bedrijfsovernameregister.nl/bedrijven-te-koop-aangeboden/bosn16bx443a/verhuurd-bedrijfsverzamelgebouw-te-koop-aangeboden-in-noord-brabant
https://www.bedrijfsovernameregister.nl/bedrijven-te-koop-aangeboden/bosn18gzj99l/keurings-en-auto-onderhoudsbedrijf-te-koop-aangeboden-voor-zware-voertuigen
https://www.bedrijfsovernameregister.nl/bedrijven-te-koop-aangeboden/bosn19xkd40b/eigentijdse-visspeciaalzaak-te-koop-aangeboden-in-limburg
https://www.bedrijfsovernameregister.nl/bedrijven-te-koop-aangeboden/bosn18dsb83v/kaasspeciaalzaak-te-koop-aangeboden-in-noord-holland
https://www.bedrijfsovernameregister.nl/bedrijven-te-koop-aangeboden/bosn19ryj82g/allround-vrouwensportschool-te-koop-in-zuid-holland-met-800-leden
https://www.bedrijfsovernameregister.nl/bedrijven-te-koop-aangeboden/bosn19hwl64p/360m2-fietsenwinkel-te-koop-aangeboden-in-noord-brabant
https://www.bedrijfsovernameregister.nl/bedrijven-te-koop-aangeboden/bosn18wrk00c/kleinschalig-en-hoogwaardig-cateringbedrijf-te-koop-aangeboden-in-midden-nederland
https://www.bedrijfsovernameregister.nl/bedrijven-te-koop-aangeboden/bosn19qpc94k/renovatie-en-onderhoudsbedrijf-te-koop-aangeboden-in-noord-holland
https://www.bedrijfsovernameregister.nl/bedrijven-te-koop-aangeboden/bosn19ssg73m/grote-herenkledingwinkel-te-koop-aangeboden-in-gelderland
https://www.bedrijfsovernameregister.nl/bedrijven-te-koop-aangeboden/bosn15jm005a/slagerij-te-koop-met-worstenmakerij-omgeving-zwolle
https://www.bedrijfsovernameregister.nl/bedrijven-te-koop-aangeboden/bosn19vnc35x/kleine-viswinkel-te-koop-aangeboden-op-grens-van-utrecht-en-noord-holland
https://www.bedrijfsovernameregister.nl/bedrijven-te-koop-aangeboden/bosn19tgl26s/succesvol-en-groeiend-bedrijf-in-de-health-en-beauty-branche-te-koop-aangeboden-3-mio-euro-omzet
https://www.bedrijfsovernameregister.nl/bedrijven-te-koop-aangeboden/bosn19ntb87x/allround-transportbedrijf-te-koop-aangeboden-in-midden-nederland-plusminus-30-vrachtwagens
https://www.bedrijfsovernameregister.nl/bedrijven-te-koop-aangeboden/bosn19kth72g/1200m2-bouwmarkt-te-koop-aangeboden-in-drenthe
https://www.bedrijfsovernameregister.nl/bedrijven-te-koop-aangeboden/bosn14hx114a/moderne-sierteelt-kwekerij-te-koop-aangeboden
https://www.bedrijfsovernameregister.nl/bedrijven-te-koop-aangeboden/bosn19rsd97x/investeerder-gezocht-voor-producent-van-gepatenteerde-machine-voor-innovatieve-onkruidverwijdering
https://www.bedrijfsovernameregister.nl/bedrijven-te-koop-aangeboden/bosn19nkk71x/allround-bouwbedrijf-te-koop-aangeboden-in-utrecht-provincie-met-20-medewerkers
https://www.bedrijfsovernameregister.nl/bedrijven-te-koop-aangeboden/bosn19nzh30p/kwalitatieve-bloemenkiosk-te-koop-aangeboden-in-noord-holland-in-zeer-goede-buurt
https://www.bedrijfsovernameregister.nl/bedrijven-te-koop-aangeboden/bosn19tgf08m/onbemand-tankstation-met-tankshop-en-autowascentrum-te-koop-aangeboden-in-overijssel
https://www.bedrijfsovernameregister.nl/bedrijven-te-koop-aangeboden/bosn19khl60p/onafhankelijke-telecomwinkel-te-koop-aangeboden-in-noord-holland-in-centrum-van-grote-plaats
https://www.bedrijfsovernameregister.nl/bedrijven-te-koop-aangeboden/bosn18ypk18t/woonwinkel-te-koop-aangeboden-in-noord-nederland-op-een-woningboulevard-500m2-vvo
https://www.bedrijfsovernameregister.nl/bedrijven-te-koop-aangeboden/bosn19jck26d/woonwinkel-te-koop-aangeboden-in-noord-brabant-verf-zonwering-behang-gordijnen-glas
https://www.bedrijfsovernameregister.nl/bedrijven-te-koop-aangeboden/bosn19hqb64p/180-m2-goed-lopende-dierenwinkel-te-koop-aangeboden-in-zuid-holland-plus-80m2-voor-bijvoorbeeld-trimsalon
https://www.bedrijfsovernameregister.nl/bedrijven-te-koop-aangeboden/bosn19yrk58s/optiekzaak-te-koop-aangeboden-in-drenthe
https://www.bedrijfsovernameregister.nl/bedrijven-te-koop-aangeboden/bosn17ap405a/uniek-culinair-hotel-in-de-ardennen-te-koop-aangeboden
https://www.bedrijfsovernameregister.nl/bedrijven-te-koop-aangeboden/bosn19slk35v/bijzondere-vintage-woonwinkel-te-koop-aangeboden-in-gelderland-met-veel-online-verkoop
https://www.bedrijfsovernameregister.nl/bedrijven-te-koop-aangeboden/bosn19mbj21g/dames-en-herenkapsalon-te-koop-aangeboden-in-zuid-holland-met-5-knipplekken
https://www.bedrijfsovernameregister.nl/bedrijven-te-koop-aangeboden/bosn18tfk88y/online-advertentieplatform-te-koop-aangeboden-gericht-op-shoppen-in-steden
https://www.bedrijfsovernameregister.nl/bedrijven-te-koop-aangeboden/bosn19qrc18x/gevelreiniging-en-gevelrenovatiebedrijf-te-koop-aangeboden-met-eigen-steigerverhuur-bedrijf
https://www.bedrijfsovernameregister.nl/bedrijven-te-koop-aangeboden/bosn19zlh14l/bakkerswinkel-te-koop-aangeboden-met-mooie-horecagelegenheid-in-midden-nederland
https://www.bedrijfsovernameregister.nl/bedrijven-te-koop-aangeboden/bosn17ssc63m/groothandel-te-koop-in-beauty-en-verzorgingsproducten
https://www.bedrijfsovernameregister.nl/bedrijven-te-koop-aangeboden/bosn19lmk12m/zeer-succesvolle-handelsonderneming-te-koop-aangeboden-gespecialiseerd-in-verkoop-via-dealsites-en-marktplaces
https://www.bedrijfsovernameregister.nl/bedrijven-te-koop-aangeboden/bosn19crb79v/innovatieve-internationale-handelsonderneming-te-koop-aangeboden-met-eigen-duurzaam-product
https://www.bedrijfsovernameregister.nl/bedrijven-te-koop-aangeboden/bosn19pzb66k/op-stadse-a-locatie-eigentijdse-lunch-en-koffiezaak-te-koop-aangeboden-met-aparte-bakkerswinkel
https://www.bedrijfsovernameregister.nl/bedrijven-te-koop-aangeboden/bosn18lqd32p/hoogwaardig-gevel-reinigingsbedrijf-te-koop-aangeboden-in-noord-nederland
https://www.bedrijfsovernameregister.nl/bedrijven-te-koop-aangeboden/bosn19cyf58x/ict-bedrijf-te-koop-in-de-randstad-support-en-beheer-voor-particulier-en-mkb
https://www.bedrijfsovernameregister.nl/bedrijven-te-koop-aangeboden/bosn18prj80b/te-ontwikkelen-recreatielocatie-hotel-bungalowpark-te-koop-aangeboden-aan-stuwmeer-in-tsjechie
https://www.bedrijfsovernameregister.nl/bedrijven-te-koop-aangeboden/bosn17hz944a/dierenwinkel-te-koop-aangeboden-inclusief-marktstandplaats-en-groothandelsfunctie
https://www.bedrijfsovernameregister.nl/bedrijven-te-koop-aangeboden/bosn19cyk81p/meubel-woonwinkel-te-koop-aangeboden-in-zuid-holland-op-toplocatie-in-woonmall
https://www.bedrijfsovernameregister.nl/bedrijven-te-koop-aangeboden/bosn18psf07d/gespecialiseerd-technisch-schoonmaakbedrijf-te-koop-aangeboden-in-zuid-holland
https://www.bedrijfsovernameregister.nl/bedrijven-te-koop-aangeboden/bosn18nrj29h/cafe-te-koop-aangeboden-in-centrum-van-een-stad-in-oost-nederland
https://www.bedrijfsovernameregister.nl/bedrijven-te-koop-aangeboden/bosn19hpg65g/moderne-fietsenwinkel-te-koop-aangeboden-in-friesland-met-300m2-winkelpand
https://www.bedrijfsovernameregister.nl/bedrijven-te-koop-aangeboden/bosn19nvj02c/softwarebedrijf-te-koop-aangeboden-gespecialiseerd-in-technologie-om-formulierstromen-te-digitaliseren
https://www.bedrijfsovernameregister.nl/bedrijven-te-koop-aangeboden/bosn19lyh52z/belettering-en-signing-bedrijf-te-koop-aangeboden-in-limburg
https://www.bedrijfsovernameregister.nl/bedrijven-te-koop-aangeboden/bosn19rvm19y/kleinschalig-hotel-te-koop-aangeboden-in-flevoland-aan-de-rand-van-overijssel-met-restaurant-en-snackbar
https://www.bedrijfsovernameregister.nl/bedrijven-te-koop-aangeboden/bosn18vsh89s/innovatief-en-zeer-rendabel-3d-fotografiebedrijf-te-koop
https://www.bedrijfsovernameregister.nl/bedrijven-te-koop-aangeboden/bosn19brj33q/luxe-vakantievilla-te-koop-aangeboden-voor-21-personen-in-bosrijke-omgeving-wandelen-mountainbiken-in-duitsland
https://www.bedrijfsovernameregister.nl/bedrijven-te-koop-aangeboden/bosn19bth19c/beveiligings-winkel-te-koop-aangeboden-in-friesland-met-accountmanagers
https://www.bedrijfsovernameregister.nl/bedrijven-te-koop-aangeboden/bosn17by555a/rietdekkersbedrijf-ter-overname
https://www.bedrijfsovernameregister.nl/bedrijven-te-koop-aangeboden/bosn18yzg52k/kleinschalige-handelsonderneming-te-koop-gevraagd-in-specifieke-siersteen-interieurproducten
https://www.bedrijfsovernameregister.nl/bedrijven-te-koop-aangeboden/bosn18lvd66w/fietsenwinkel-te-koop-aangeboden-in-noord-holland-allround-onderhoud-en-atb-en-race-specialist
https://www.bedrijfsovernameregister.nl/bedrijven-te-koop-aangeboden/bosn19mrd75q/gespecialiseerde-houthandel-in-noord-brabant-zoekt-partner-of-investeerder
https://www.bedrijfsovernameregister.nl/bedrijven-te-koop-aangeboden/bosn12mq832a/hoogwaardig-interieurbouw-bedrijf-te-koop
https://www.bedrijfsovernameregister.nl/bedrijven-te-koop-aangeboden/bosn19gkl96w/antroposofisch-kinderdagverblijf-te-koop-aangeboden-in-oost-nederland
https://www.bedrijfsovernameregister.nl/bedrijven-te-koop-aangeboden/bosn19gwl99k/kleine-zelfstandige-optiekzaak-opticien-te-koop-aangeboden-in-gelderland
https://www.bedrijfsovernameregister.nl/bedrijven-te-koop-aangeboden/bosn18prl70f/goedlopende-viswinkel-te-koop-aangeboden-in-friesland-op-een-a1-locatie
https://www.bedrijfsovernameregister.nl/bedrijven-te-koop-aangeboden/bosn19jmf46z/kleine-dames-en-herenkapsalon-te-koop-aangeboden-in-zuid-holland-met-4-knipplekken
https://www.bedrijfsovernameregister.nl/bedrijven-te-koop-aangeboden/bosn12eo731a/toko-te-koop-aangeboden-in-provincie-utrecht
https://www.bedrijfsovernameregister.nl/bedrijven-te-koop-aangeboden/bosn17bs524a/tabak-en-gemakswinkel-te-koop-in-noord-holland
https://www.bedrijfsovernameregister.nl/bedrijven-te-koop-aangeboden/bosn18gsf43n/eigentijdse-visspeciaalzaak-te-koop-aangeboden-in-zuid-holland
https://www.bedrijfsovernameregister.nl/bedrijven-te-koop-aangeboden/bosn17eq712a/cv-installatiebedrijf-te-koop-aangeboden-in-noord-brabant
https://www.bedrijfsovernameregister.nl/bedrijven-te-koop-aangeboden/bosn18jbm26c/zonnebankstudio-te-koop-aangeboden-in-zuid-holland-met-10-banken-spraycabine-en-beautymogelijkheden
https://www.bedrijfsovernameregister.nl/bedrijven-te-koop-aangeboden/bosn16cl471a/locatie-voor-kinderdagverblijf-te-koop-aangeboden
https://www.bedrijfsovernameregister.nl/bedrijven-te-koop-aangeboden/bosn15lp219a/garagebedrijf-onderhoud-apk
